<?xml version="1.0" encoding="UTF-8"?>
<!-- Generated by org.testng.reporters.JUnitXMLReporter -->
<testsuite hostname="DESKTOP-3JIP3OF" name="Practice Grouping" tests="5" failures="0" timestamp="6 Dec 2017 11:03:47 GMT" time="0.147" errors="0">
  <testcase name="Car1" time="0.026" classname="com.java.TestNGPractice.Grouping"/>
  <testcase name="Car2" time="0.005" classname="com.java.TestNGPractice.Grouping"/>
  <testcase name="Scooter1" time="0.036" classname="com.java.TestNGPractice.Grouping"/>
  <testcase name="Scooter2" time="0.01" classname="com.java.TestNGPractice.Grouping"/>
  <testcase name="Sedan1" time="0.007" classname="com.java.TestNGPractice.Grouping"/>
</testsuite> <!-- Practice Grouping -->
