<?xml version="1.0" encoding="UTF-8"?>
<testng-results skipped="0" failed="0" total="1" passed="1">
  <reporter-output>
  </reporter-output>
  <suite name="Default suite" duration-ms="28599" started-at="2018-03-28T14:33:18Z" finished-at="2018-03-28T14:33:47Z">
    <groups>
    </groups>
    <test name="Default test" duration-ms="28599" started-at="2018-03-28T14:33:18Z" finished-at="2018-03-28T14:33:47Z">
      <class name="com.testing.practice1.PickDate">
        <test-method status="PASS" signature="start()[pri:0, instance:com.testing.practice1.PickDate@396a51ab]" name="start" is-config="true" duration-ms="11187" started-at="2018-03-28T20:03:18Z" finished-at="2018-03-28T20:03:29Z">
          <reporter-output>
          </reporter-output>
        </test-method> <!-- start -->
        <test-method status="PASS" signature="pickExpDate()[pri:0, instance:com.testing.practice1.PickDate@396a51ab]" name="pickExpDate" duration-ms="17337" started-at="2018-03-28T20:03:29Z" finished-at="2018-03-28T20:03:47Z">
          <reporter-output>
          </reporter-output>
        </test-method> <!-- pickExpDate -->
      </class> <!-- com.testing.practice1.PickDate -->
    </test> <!-- Default test -->
  </suite> <!-- Default suite -->
</testng-results>
